JogoDagua/Library/Bee/Android/Prj/Mono2x/Gradle/unityLibrary/build/intermediates/manifest_merge_blame_file/debug/manifest-merger-blame-debug-report.txt
1<?xml version="1.0" encoding="utf-8"?>
2<manifest xmlns:android="http://schemas.android.com/apk/res/android"
3    xmlns:tools="http://schemas.android.com/tools"
4    package="com.unity3d.player"
5    android:installLocation="preferExternal"
6    android:versionCode="1"
7    android:versionName="0.1" >
8
9    <uses-sdk
10        android:minSdkVersion="28"
10-->src\main\AndroidManifest.xml
11        android:targetSdkVersion="30" />
11-->src\main\AndroidManifest.xml
12
13    <supports-screens
13-->src\main\AndroidManifest.xml:3:3-163
14        android:anyDensity="true"
14-->src\main\AndroidManifest.xml:3:135-160
15        android:largeScreens="true"
15-->src\main\AndroidManifest.xml:3:78-105
16        android:normalScreens="true"
16-->src\main\AndroidManifest.xml:3:49-77
17        android:smallScreens="true"
17-->src\main\AndroidManifest.xml:3:21-48
18        android:xlargeScreens="true" />
18-->src\main\AndroidManifest.xml:3:106-134
19
20    <uses-feature android:glEsVersion="0x00020000" />
20-->src\main\AndroidManifest.xml:21:3-52
20-->src\main\AndroidManifest.xml:21:17-49
21
22    <uses-permission android:name="android.permission.INTERNET" />
22-->src\main\AndroidManifest.xml:22:3-65
22-->src\main\AndroidManifest.xml:22:20-62
23    <uses-permission android:name="android.permission.ACCESS_NETWORK_STATE" />
23-->src\main\AndroidManifest.xml:23:3-77
23-->src\main\AndroidManifest.xml:23:20-74
24
25    <uses-feature
25-->src\main\AndroidManifest.xml:24:3-88
26        android:name="android.hardware.touchscreen"
26-->src\main\AndroidManifest.xml:24:17-60
27        android:required="false" />
27-->src\main\AndroidManifest.xml:24:61-85
28    <uses-feature
28-->src\main\AndroidManifest.xml:25:3-99
29        android:name="android.hardware.touchscreen.multitouch"
29-->src\main\AndroidManifest.xml:25:17-71
30        android:required="false" />
30-->src\main\AndroidManifest.xml:25:72-96
31    <uses-feature
31-->src\main\AndroidManifest.xml:26:3-108
32        android:name="android.hardware.touchscreen.multitouch.distinct"
32-->src\main\AndroidManifest.xml:26:17-80
33        android:required="false" />
33-->src\main\AndroidManifest.xml:26:81-105
34
35    <application
35-->src\main\AndroidManifest.xml:4:3-20:17
36        android:extractNativeLibs="true"
36-->src\main\AndroidManifest.xml:4:159-191
37        android:icon="@mipmap/app_icon"
37-->src\main\AndroidManifest.xml:4:58-89
38        android:isGame="true"
38-->src\main\AndroidManifest.xml:4:192-213
39        android:label="@string/app_name"
39-->src\main\AndroidManifest.xml:4:90-122
40        android:theme="@style/UnityThemeSelector"
40-->src\main\AndroidManifest.xml:4:16-57
41        android:usesCleartextTraffic="true" >
41-->src\main\AndroidManifest.xml:4:123-158
42        <activity
42-->src\main\AndroidManifest.xml:5:5-13:16
43            android:name="com.unity3d.player.UnityPlayerActivity"
43-->src\main\AndroidManifest.xml:5:15-68
44            android:configChanges="mcc|mnc|locale|touchscreen|keyboard|keyboardHidden|navigation|orientation|screenLayout|uiMode|screenSize|smallestScreenSize|fontScale|layoutDirection|density"
44-->src\main\AndroidManifest.xml:5:176-357
45            android:hardwareAccelerated="false"
45-->src\main\AndroidManifest.xml:5:393-428
46            android:label="@string/app_name"
46-->src\main\AndroidManifest.xml:5:69-101
47            android:launchMode="singleTask"
47-->src\main\AndroidManifest.xml:5:144-175
48            android:resizeableActivity="false"
48-->src\main\AndroidManifest.xml:5:358-392
49            android:screenOrientation="userLandscape" >
49-->src\main\AndroidManifest.xml:5:102-143
50            <intent-filter>
50-->src\main\AndroidManifest.xml:6:7-10:23
51                <action android:name="android.intent.action.MAIN" />
51-->src\main\AndroidManifest.xml:7:9-61
51-->src\main\AndroidManifest.xml:7:17-58
52
53                <category android:name="android.intent.category.LAUNCHER" />
53-->src\main\AndroidManifest.xml:8:9-69
53-->src\main\AndroidManifest.xml:8:19-66
54                <category android:name="android.intent.category.LEANBACK_LAUNCHER" />
54-->src\main\AndroidManifest.xml:9:9-78
54-->src\main\AndroidManifest.xml:9:19-75
55            </intent-filter>
56
57            <meta-data
57-->src\main\AndroidManifest.xml:11:7-82
58                android:name="unityplayer.UnityActivity"
58-->src\main\AndroidManifest.xml:11:18-58
59                android:value="true" />
59-->src\main\AndroidManifest.xml:11:59-79
60            <meta-data
60-->src\main\AndroidManifest.xml:12:7-78
61                android:name="android.notch_support"
61-->src\main\AndroidManifest.xml:12:18-54
62                android:value="true" />
62-->src\main\AndroidManifest.xml:12:55-75
63        </activity>
64
65        <meta-data
65-->src\main\AndroidManifest.xml:14:5-69
66            android:name="unity.splash-mode"
66-->src\main\AndroidManifest.xml:14:16-48
67            android:value="0" />
67-->src\main\AndroidManifest.xml:14:49-66
68        <meta-data
68-->src\main\AndroidManifest.xml:15:5-74
69            android:name="unity.splash-enable"
69-->src\main\AndroidManifest.xml:15:16-50
70            android:value="True" />
70-->src\main\AndroidManifest.xml:15:51-71
71        <meta-data
71-->src\main\AndroidManifest.xml:16:5-78
72            android:name="unity.launch-fullscreen"
72-->src\main\AndroidManifest.xml:16:16-54
73            android:value="True" />
73-->src\main\AndroidManifest.xml:16:55-75
74        <meta-data
74-->src\main\AndroidManifest.xml:17:5-84
75            android:name="unity.allow-resizable-window"
75-->src\main\AndroidManifest.xml:17:16-59
76            android:value="False" />
76-->src\main\AndroidManifest.xml:17:60-81
77        <meta-data
77-->src\main\AndroidManifest.xml:18:5-81
78            android:name="notch.config"
78-->src\main\AndroidManifest.xml:18:16-43
79            android:value="portrait|landscape" />
79-->src\main\AndroidManifest.xml:18:44-78
80        <meta-data
80-->src\main\AndroidManifest.xml:19:5-84
81            android:name="unity.auto-report-fully-drawn"
81-->src\main\AndroidManifest.xml:19:16-60
82            android:value="true" />
82-->src\main\AndroidManifest.xml:19:61-81
83    </application>
84
85</manifest>